Jan 20, 2017 3:14:57 PM com.genuitec.pulse.client.deliverypackage.runtime.internal.Activator initializeLoggers
INFO: Package starting up at Fri Jan 20 15:14:57 BDT 2017
Jan 20, 2017 3:15:00 PM com.genuitec.pulse.client.deliverypackage.runtime.UpdatesService checkForWorkspaceUpdates
INFO: Latest version of package has already been enabled in the workspace; check finished in 7ms
Jan 20, 2017 3:15:36 PM org.hibernate.eclipse.HibernatePlugin start
INFO: HibernatePlugin Started
Jan 20, 2017 3:23:49 PM org.hibernate.cfg.Environment <clinit>
INFO: Hibernate 3.2.5
Jan 20, 2017 3:23:49 PM org.hibernate.cfg.Environment <clinit>
INFO: hibernate.properties not found
Jan 20, 2017 3:23:49 PM org.hibernate.cfg.Environment buildBytecodeProvider
INFO: Bytecode provider name : cglib
Jan 20, 2017 3:23:49 PM org.hibernate.cfg.Environment <clinit>
INFO: using JDK 1.4 java.sql.Timestamp handling
Jan 20, 2017 3:26:31 PM org.hibernate.cfg.reveng.OverrideRepository addFile
INFO: Override file: C:\Users\Bristy\Workspaces\MyEclipse 2016\MappingDemo\hibernate.reveng.xml
Jan 20, 2017 3:26:32 PM org.hibernate.cfg.Configuration configure
INFO: configuring from XML document
Jan 20, 2017 3:26:32 PM org.hibernate.cfg.Configuration doConfigure
INFO: Configured SessionFactory: null
Jan 20, 2017 3:26:32 PM org.hibernate.cfg.SettingsFactory buildSettings
INFO: RDBMS: Oracle, version: Oracle Database 10g Express Edition Release 10.2.0.1.0 - Production
Jan 20, 2017 3:26:32 PM org.hibernate.cfg.SettingsFactory buildSettings
INFO: JDBC driver: Oracle JDBC driver, version: 10.2.0.1.0XE
Jan 20, 2017 3:26:32 PM org.hibernate.cfg.SettingsFactory buildSettings
INFO: Automatic flush during beforeCompletion(): disabled
Jan 20, 2017 3:26:32 PM org.hibernate.cfg.SettingsFactory buildSettings
INFO: Automatic session close at end of transaction: disabled
Jan 20, 2017 3:26:32 PM org.hibernate.cfg.SettingsFactory buildSettings
INFO: JDBC batch size: 15
Jan 20, 2017 3:26:32 PM org.hibernate.cfg.SettingsFactory buildSettings
INFO: JDBC batch updates for versioned data: disabled
Jan 20, 2017 3:26:32 PM org.hibernate.cfg.SettingsFactory buildSettings
INFO: Scrollable result sets: enabled
Jan 20, 2017 3:26:32 PM org.hibernate.cfg.SettingsFactory buildSettings
INFO: JDBC3 getGeneratedKeys(): disabled
Jan 20, 2017 3:26:32 PM org.hibernate.cfg.SettingsFactory buildSettings
INFO: Connection release mode: auto
Jan 20, 2017 3:26:32 PM org.hibernate.cfg.SettingsFactory buildSettings
INFO: Default batch fetch size: 1
Jan 20, 2017 3:26:32 PM org.hibernate.cfg.SettingsFactory buildSettings
INFO: Generate SQL with comments: disabled
Jan 20, 2017 3:26:32 PM org.hibernate.cfg.SettingsFactory buildSettings
INFO: Order SQL updates by primary key: disabled
Jan 20, 2017 3:26:32 PM org.hibernate.cfg.SettingsFactory buildSettings
INFO: Order SQL inserts for batching: disabled
Jan 20, 2017 3:26:32 PM org.hibernate.cfg.SettingsFactory createQueryTranslatorFactory
INFO: Query translator: org.hibernate.hql.ast.ASTQueryTranslatorFactory
Jan 20, 2017 3:26:32 PM org.hibernate.cfg.SettingsFactory buildSettings
INFO: Query language substitutions: {}
Jan 20, 2017 3:26:32 PM org.hibernate.cfg.SettingsFactory buildSettings
INFO: JPA-QL strict compliance: disabled
Jan 20, 2017 3:26:32 PM org.hibernate.cfg.SettingsFactory buildSettings
INFO: Second-level cache: enabled
Jan 20, 2017 3:26:32 PM org.hibernate.cfg.SettingsFactory buildSettings
INFO: Query cache: disabled
Jan 20, 2017 3:26:32 PM org.hibernate.cfg.SettingsFactory createCacheProvider
INFO: Cache provider: org.hibernate.cache.NoCacheProvider
Jan 20, 2017 3:26:32 PM org.hibernate.cfg.SettingsFactory buildSettings
INFO: Optimize cache for minimal puts: disabled
Jan 20, 2017 3:26:32 PM org.hibernate.cfg.SettingsFactory buildSettings
INFO: Structured second-level cache entries: disabled
Jan 20, 2017 3:26:32 PM org.hibernate.cfg.SettingsFactory buildSettings
INFO: Statistics: disabled
Jan 20, 2017 3:26:32 PM org.hibernate.cfg.SettingsFactory buildSettings
INFO: Deleted entity synthetic identifier rollback: disabled
Jan 20, 2017 3:26:32 PM org.hibernate.cfg.SettingsFactory buildSettings
INFO: Default entity-mode: pojo
Jan 20, 2017 3:26:32 PM org.hibernate.cfg.SettingsFactory buildSettings
INFO: Named query checking : enabled
